# JRE version: Java(TM) SE Runtime Environment (8.0_73-b02) (build 1.8.0_73-b02)
# Java VM: Java HotSpot(TM) 64-Bit Server VM (25.73-b02 mixed mode windows-amd64 compressed oops)
Heap:
 PSYoungGen      total 90112K, used 66582K [0x00000000d6100000, 0x00000000de480000, 0x0000000100000000)
  eden space 49664K, 92% used [0x00000000d6100000,0x00000000d8e04738,0x00000000d9180000)
  from space 40448K, 50% used [0x00000000dbd00000,0x00000000dd101208,0x00000000de480000)
  to   space 42496K, 0% used [0x00000000d9180000,0x00000000d9180000,0x00000000dbb00000)
 ParOldGen       total 186368K, used 130514K [0x0000000082200000, 0x000000008d800000, 0x00000000d6100000)
  object space 186368K, 70% used [0x0000000082200000,0x000000008a174a98,0x000000008d800000)
 Metaspace       used 9749K, capacity 9892K, committed 10240K, reserved 1058816K
  class space    used 1113K, capacity 1159K, committed 1280K, reserved 1048576K
GC Heap History (10 events):
Event: 13.959 GC heap before
{Heap before GC invocations=11 (full 2):
 PSYoungGen      total 59392K, used 55223K [0x00000000d6100000, 0x00000000deb00000, 0x0000000100000000)
  eden space 21504K, 93% used [0x00000000d6100000,0x00000000d74a0c70,0x00000000d7600000)
  from space 37888K, 92% used [0x00000000da180000,0x00000000dc3ccfe8,0x00000000dc680000)
  to   space 44544K, 0% used [0x00000000d7600000,0x00000000d7600000,0x00000000da180000)
 ParOldGen       total 123392K, used 67870K [0x0000000082200000, 0x0000000089a80000, 0x00000000d6100000)
  object space 123392K, 55% used [0x0000000082200000,0x00000000864479b0,0x0000000089a80000)
 Metaspace       used 9576K, capacity 9696K, committed 9984K, reserved 1058816K
  class space    used 1111K, capacity 1159K, committed 1280K, reserved 1048576K
Event: 13.966 GC heap after
Heap after GC invocations=11 (full 2):
 PSYoungGen      total 66048K, used 31883K [0x00000000d6100000, 0x00000000ddf80000, 0x0000000100000000)
  eden space 21504K, 0% used [0x00000000d6100000,0x00000000d6100000,0x00000000d7600000)
  from space 44544K, 71% used [0x00000000d7600000,0x00000000d9522d38,0x00000000da180000)
  to   space 48128K, 0% used [0x00000000db080000,0x00000000db080000,0x00000000ddf80000)
 ParOldGen       total 123392K, used 85390K [0x0000000082200000, 0x0000000089a80000, 0x00000000d6100000)
  object space 123392K, 69% used [0x0000000082200000,0x0000000087563ae0,0x0000000089a80000)
 Metaspace       used 9576K, capacity 9696K, committed 9984K, reserved 1058816K
  class space    used 1111K, capacity 1159K, committed 1280K, reserved 1048576K
}
Event: 14.319 GC heap before
{Heap before GC invocations=12 (full 2):
 PSYoungGen      total 66048K, used 52871K [0x00000000d6100000, 0x00000000ddf80000, 0x0000000100000000)
  eden space 21504K, 97% used [0x00000000d6100000,0x00000000d757f2a8,0x00000000d7600000)
  from space 44544K, 71% used [0x00000000d7600000,0x00000000d9522d38,0x00000000da180000)
  to   space 48128K, 0% used [0x00000000db080000,0x00000000db080000,0x00000000ddf80000)
 ParOldGen       total 123392K, used 85390K [0x0000000082200000, 0x0000000089a80000, 0x00000000d6100000)
  object space 123392K, 69% used [0x0000000082200000,0x0000000087563ae0,0x0000000089a80000)
 Metaspace       used 9585K, capacity 9696K, committed 9984K, reserved 1058816K
  class space    used 1111K, capacity 1159K, committed 1280K, reserved 1048576K
Event: 14.328 GC heap after
Heap after GC invocations=12 (full 2):
 PSYoungGen      total 76288K, used 17805K [0x00000000d6100000, 0x00000000dda00000, 0x0000000100000000)
  eden space 33792K, 0% used [0x00000000d6100000,0x00000000d6100000,0x00000000d8200000)
  from space 42496K, 41% used [0x00000000db080000,0x00000000dc1e3780,0x00000000dda00000)
  to   space 45056K, 0% used [0x00000000d8200000,0x00000000d8200000,0x00000000dae00000)
 ParOldGen       total 123392K, used 113795K [0x0000000082200000, 0x0000000089a80000, 0x00000000d6100000)
  object space 123392K, 92% used [0x0000000082200000,0x0000000089120e70,0x0000000089a80000)
 Metaspace       used 9585K, capacity 9696K, committed 9984K, reserved 1058816K
  class space    used 1111K, capacity 1159K, committed 1280K, reserved 1048576K
}
Event: 14.328 GC heap before
{Heap before GC invocations=13 (full 3):
 PSYoungGen      total 76288K, used 17805K [0x00000000d6100000, 0x00000000dda00000, 0x0000000100000000)
  eden space 33792K, 0% used [0x00000000d6100000,0x00000000d6100000,0x00000000d8200000)
  from space 42496K, 41% used [0x00000000db080000,0x00000000dc1e3780,0x00000000dda00000)
  to   space 45056K, 0% used [0x00000000d8200000,0x00000000d8200000,0x00000000dae00000)
 ParOldGen       total 123392K, used 113795K [0x0000000082200000, 0x0000000089a80000, 0x00000000d6100000)
  object space 123392K, 92% used [0x0000000082200000,0x0000000089120e70,0x0000000089a80000)
 Metaspace       used 9585K, capacity 9696K, committed 9984K, reserved 1058816K
  class space    used 1111K, capacity 1159K, committed 1280K, reserved 1048576K
Event: 14.349 GC heap after
Heap after GC invocations=13 (full 3):
 PSYoungGen      total 76288K, used 0K [0x00000000d6100000, 0x00000000dda00000, 0x0000000100000000)
  eden space 33792K, 0% used [0x00000000d6100000,0x00000000d6100000,0x00000000d8200000)
  from space 42496K, 0% used [0x00000000db080000,0x00000000db080000,0x00000000dda00000)
  to   space 45056K, 0% used [0x00000000d8200000,0x00000000d8200000,0x00000000dae00000)
 ParOldGen       total 186368K, used 112994K [0x0000000082200000, 0x000000008d800000, 0x00000000d6100000)
  object space 186368K, 60% used [0x0000000082200000,0x0000000089058968,0x000000008d800000)
 Metaspace       used 9585K, capacity 9696K, committed 9984K, reserved 1058816K
  class space    used 1111K, capacity 1159K, committed 1280K, reserved 1048576K
}
Event: 14.942 GC heap before
{Heap before GC invocations=14 (full 3):
 PSYoungGen      total 76288K, used 33644K [0x00000000d6100000, 0x00000000dda00000, 0x0000000100000000)
  eden space 33792K, 99% used [0x00000000d6100000,0x00000000d81db1f8,0x00000000d8200000)
  from space 42496K, 0% used [0x00000000db080000,0x00000000db080000,0x00000000dda00000)
  to   space 45056K, 0% used [0x00000000d8200000,0x00000000d8200000,0x00000000dae00000)
 ParOldGen       total 186368K, used 112994K [0x0000000082200000, 0x000000008d800000, 0x00000000d6100000)
  object space 186368K, 60% used [0x0000000082200000,0x0000000089058968,0x000000008d800000)
 Metaspace       used 9605K, capacity 9760K, committed 9984K, reserved 1058816K
  class space    used 1111K, capacity 1159K, committed 1280K, reserved 1048576K
Event: 14.946 GC heap after
Heap after GC invocations=14 (full 3):
 PSYoungGen      total 78848K, used 24142K [0x00000000d6100000, 0x00000000de880000, 0x0000000100000000)
  eden space 33792K, 0% used [0x00000000d6100000,0x00000000d6100000,0x00000000d8200000)
  from space 45056K, 53% used [0x00000000d8200000,0x00000000d9993878,0x00000000dae00000)
  to   space 44544K, 0% used [0x00000000dbd00000,0x00000000dbd00000,0x00000000de880000)
 ParOldGen       total 186368K, used 113002K [0x0000000082200000, 0x000000008d800000, 0x00000000d6100000)
  object space 186368K, 60% used [0x0000000082200000,0x000000008905a968,0x000000008d800000)
 Metaspace       used 9605K, capacity 9760K, committed 9984K, reserved 1058816K
  class space    used 1111K, capacity 1159K, committed 1280K, reserved 1048576K
}
Event: 15.582 GC heap before
{Heap before GC invocations=15 (full 3):
 PSYoungGen      total 78848K, used 57613K [0x00000000d6100000, 0x00000000de880000, 0x0000000100000000)
  eden space 33792K, 99% used [0x00000000d6100000,0x00000000d81afde0,0x00000000d8200000)
  from space 45056K, 53% used [0x00000000d8200000,0x00000000d9993878,0x00000000dae00000)
  to   space 44544K, 0% used [0x00000000dbd00000,0x00000000dbd00000,0x00000000de880000)
 ParOldGen       total 186368K, used 113002K [0x0000000082200000, 0x000000008d800000, 0x00000000d6100000)
  object space 186368K, 60% used [0x0000000082200000,0x000000008905a968,0x000000008d800000)
 Metaspace       used 9620K, capacity 9760K, committed 9984K, reserved 1058816K
  class space    used 1111K, capacity 1159K, committed 1280K, reserved 1048576K
Event: 15.592 GC heap after
Heap after GC invocations=15 (full 3):
 PSYoungGen      total 90112K, used 20484K [0x00000000d6100000, 0x00000000de480000, 0x0000000100000000)
  eden space 49664K, 0% used [0x00000000d6100000,0x00000000d6100000,0x00000000d9180000)
  from space 40448K, 50% used [0x00000000dbd00000,0x00000000dd101208,0x00000000de480000)
  to   space 42496K, 0% used [0x00000000d9180000,0x00000000d9180000,0x00000000dbb00000)
 ParOldGen       total 186368K, used 130514K [0x0000000082200000, 0x000000008d800000, 0x00000000d6100000)
  object space 186368K, 70% used [0x0000000082200000,0x000000008a174a98,0x000000008d800000)
 Metaspace       used 9620K, capacity 9760K, committed 9984K, reserved 1058816K
  class space    used 1111K, capacity 1159K, committed 1280K, reserved 1048576K
}

